Traceback (most recent call last):
  File "C:\Users\julia\miniconda3\lib\site-packages\jupyter_cache\executors\utils.py", line 51, in single_nb_execution
    executenb(
  File "C:\Users\julia\miniconda3\lib\site-packages\nbclient\client.py", line 1204, in execute
    return NotebookClient(nb=nb, resources=resources, km=km, **kwargs).execute()
  File "C:\Users\julia\miniconda3\lib\site-packages\nbclient\util.py", line 84, in wrapped
    return just_run(coro(*args, **kwargs))
  File "C:\Users\julia\miniconda3\lib\site-packages\nbclient\util.py", line 62, in just_run
    return loop.run_until_complete(coro)
  File "C:\Users\julia\miniconda3\lib\asyncio\base_events.py", line 647, in run_until_complete
    return future.result()
  File "C:\Users\julia\miniconda3\lib\site-packages\nbclient\client.py", line 663, in async_execute
    await self.async_execute_cell(
  File "C:\Users\julia\miniconda3\lib\site-packages\nbclient\client.py", line 965, in async_execute_cell
    await self._check_raise_for_error(cell, cell_index, exec_reply)
  File "C:\Users\julia\miniconda3\lib\site-packages\nbclient\client.py", line 862, in _check_raise_for_error
    raise CellExecutionError.from_cell_and_msg(cell, exec_reply_content)
nbclient.exceptions.CellExecutionError: An error occurred while executing the following cell:
------------------
import polyglot #import the polyglot package
from polyglot.text import Detector, Text, Word #imports the Text and Word classes

text_en = Text("Enjoy the Christmas break and have a happy new year!")
text_ar = Text("عيد ميلاد مجيد وكل عام وانتم بخير")
print(text_en.words)
------------------

[1;31m---------------------------------------------------------------------------[0m
[1;31mModuleNotFoundError[0m                       Traceback (most recent call last)
[1;32m~\AppData\Local\Temp\ipykernel_11812\686467937.py[0m in [0;36m<module>[1;34m[0m
[1;32m----> 1[1;33m [1;32mimport[0m [0mpolyglot[0m [1;31m#import the polyglot package[0m[1;33m[0m[1;33m[0m[0m
[0m[0;32m      2[0m [1;32mfrom[0m [0mpolyglot[0m[1;33m.[0m[0mtext[0m [1;32mimport[0m [0mDetector[0m[1;33m,[0m [0mText[0m[1;33m,[0m [0mWord[0m [1;31m#imports the Text and Word classes[0m[1;33m[0m[1;33m[0m[0m
[0;32m      3[0m [1;33m[0m[0m
[0;32m      4[0m [0mtext_en[0m [1;33m=[0m [0mText[0m[1;33m([0m[1;34m"Enjoy the Christmas break and have a happy new year!"[0m[1;33m)[0m[1;33m[0m[1;33m[0m[0m
[0;32m      5[0m [0mtext_ar[0m [1;33m=[0m [0mText[0m[1;33m([0m[1;34m"عيد ميلاد مجيد وكل عام وانتم بخير"[0m[1;33m)[0m[1;33m[0m[1;33m[0m[0m

[1;31mModuleNotFoundError[0m: No module named 'polyglot'
ModuleNotFoundError: No module named 'polyglot'

