Traceback (most recent call last):
  File "/opt/homebrew/lib/python3.10/site-packages/jupyter_cache/executors/utils.py", line 51, in single_nb_execution
    executenb(
  File "/opt/homebrew/lib/python3.10/site-packages/nbclient/client.py", line 1204, in execute
    return NotebookClient(nb=nb, resources=resources, km=km, **kwargs).execute()
  File "/opt/homebrew/lib/python3.10/site-packages/nbclient/util.py", line 84, in wrapped
    return just_run(coro(*args, **kwargs))
  File "/opt/homebrew/lib/python3.10/site-packages/nbclient/util.py", line 62, in just_run
    return loop.run_until_complete(coro)
  File "/opt/homebrew/Cellar/python@3.10/3.10.12_1/Frameworks/Python.framework/Versions/3.10/lib/python3.10/asyncio/base_events.py", line 649, in run_until_complete
    return future.result()
  File "/opt/homebrew/lib/python3.10/site-packages/nbclient/client.py", line 663, in async_execute
    await self.async_execute_cell(
  File "/opt/homebrew/lib/python3.10/site-packages/nbclient/client.py", line 965, in async_execute_cell
    await self._check_raise_for_error(cell, cell_index, exec_reply)
  File "/opt/homebrew/lib/python3.10/site-packages/nbclient/client.py", line 862, in _check_raise_for_error
    raise CellExecutionError.from_cell_and_msg(cell, exec_reply_content)
nbclient.exceptions.CellExecutionError: An error occurred while executing the following cell:
------------------
def count_word_occurence(file):
    sorted_file = sort_text(file) #function call to user-defined function "sort_text"
    word = input()
    #a = sorted_file.count(word)
    return "The word '{}' occurs {} times in the text.".format(word,sorted_file.count(word)) 
    #note that we can use placeholders {} in the string, filled by the two objects named later

unsorted_file.seek(0) #reset file handle.

count_word_occurence(unsorted_file)
------------------

[0;31m---------------------------------------------------------------------------[0m
[0;31mStdinNotImplementedError[0m                  Traceback (most recent call last)
Cell [0;32mIn [7], line 10[0m
[1;32m      6[0m     [38;5;66;03m#note that we can use placeholders {} in the string, filled by the two objects named later[39;00m
[1;32m      8[0m unsorted_file[38;5;241m.[39mseek([38;5;241m0[39m) [38;5;66;03m#reset file handle.[39;00m
[0;32m---> 10[0m [43mcount_word_occurence[49m[43m([49m[43munsorted_file[49m[43m)[49m

Cell [0;32mIn [7], line 3[0m, in [0;36mcount_word_occurence[0;34m(file)[0m
[1;32m      1[0m [38;5;28;01mdef[39;00m [38;5;21mcount_word_occurence[39m(file):
[1;32m      2[0m     sorted_file [38;5;241m=[39m sort_text(file) [38;5;66;03m#function call to user-defined function "sort_text"[39;00m
[0;32m----> 3[0m     word [38;5;241m=[39m [38;5;28;43minput[39;49m[43m([49m[43m)[49m
[1;32m      4[0m     [38;5;66;03m#a = sorted_file.count(word)[39;00m
[1;32m      5[0m     [38;5;28;01mreturn[39;00m [38;5;124m"[39m[38;5;124mThe word [39m[38;5;124m'[39m[38;5;132;01m{}[39;00m[38;5;124m'[39m[38;5;124m occurs [39m[38;5;132;01m{}[39;00m[38;5;124m times in the text.[39m[38;5;124m"[39m[38;5;241m.[39mformat(word,sorted_file[38;5;241m.[39mcount(word))

File [0;32m/opt/homebrew/lib/python3.10/site-packages/ipykernel/kernelbase.py:1174[0m, in [0;36mKernel.raw_input[0;34m(self, prompt)[0m
[1;32m   1167[0m [38;5;124;03m"""Forward raw_input to frontends[39;00m
[1;32m   1168[0m 
[1;32m   1169[0m [38;5;124;03mRaises[39;00m
[1;32m   1170[0m [38;5;124;03m------[39;00m
[1;32m   1171[0m [38;5;124;03mStdinNotImplementedError if active frontend doesn't support stdin.[39;00m
[1;32m   1172[0m [38;5;124;03m"""[39;00m
[1;32m   1173[0m [38;5;28;01mif[39;00m [38;5;129;01mnot[39;00m [38;5;28mself[39m[38;5;241m.[39m_allow_stdin:
[0;32m-> 1174[0m     [38;5;28;01mraise[39;00m StdinNotImplementedError(
[1;32m   1175[0m         [38;5;124m"[39m[38;5;124mraw_input was called, but this frontend does not support input requests.[39m[38;5;124m"[39m
[1;32m   1176[0m     )
[1;32m   1177[0m [38;5;28;01mreturn[39;00m [38;5;28mself[39m[38;5;241m.[39m_input_request(
[1;32m   1178[0m     [38;5;28mstr[39m(prompt),
[1;32m   1179[0m     [38;5;28mself[39m[38;5;241m.[39m_parent_ident[[38;5;124m"[39m[38;5;124mshell[39m[38;5;124m"[39m],
[1;32m   1180[0m     [38;5;28mself[39m[38;5;241m.[39mget_parent([38;5;124m"[39m[38;5;124mshell[39m[38;5;124m"[39m),
[1;32m   1181[0m     password[38;5;241m=[39m[38;5;28;01mFalse[39;00m,
[1;32m   1182[0m )

[0;31mStdinNotImplementedError[0m: raw_input was called, but this frontend does not support input requests.
StdinNotImplementedError: raw_input was called, but this frontend does not support input requests.

