Traceback (most recent call last):
  File "/opt/homebrew/lib/python3.10/site-packages/jupyter_cache/executors/utils.py", line 51, in single_nb_execution
    executenb(
  File "/opt/homebrew/lib/python3.10/site-packages/nbclient/client.py", line 1204, in execute
    return NotebookClient(nb=nb, resources=resources, km=km, **kwargs).execute()
  File "/opt/homebrew/lib/python3.10/site-packages/nbclient/util.py", line 84, in wrapped
    return just_run(coro(*args, **kwargs))
  File "/opt/homebrew/lib/python3.10/site-packages/nbclient/util.py", line 62, in just_run
    return loop.run_until_complete(coro)
  File "/opt/homebrew/Cellar/python@3.10/3.10.12_1/Frameworks/Python.framework/Versions/3.10/lib/python3.10/asyncio/base_events.py", line 649, in run_until_complete
    return future.result()
  File "/opt/homebrew/lib/python3.10/site-packages/nbclient/client.py", line 663, in async_execute
    await self.async_execute_cell(
  File "/opt/homebrew/lib/python3.10/site-packages/nbclient/client.py", line 965, in async_execute_cell
    await self._check_raise_for_error(cell, cell_index, exec_reply)
  File "/opt/homebrew/lib/python3.10/site-packages/nbclient/client.py", line 862, in _check_raise_for_error
    raise CellExecutionError.from_cell_and_msg(cell, exec_reply_content)
nbclient.exceptions.CellExecutionError: An error occurred while executing the following cell:
------------------
import turtle #import turtle module, a graphical interface to draw shapes; opens in separate window

turtle.speed(1000) #set speed of animation
turtle.setheading(90) #set initial orientation of the turtle as looking straight up

def draw_branch(len): #recursive function to draw a tree
    if (len > 5):
        turtle.color("brown") #draw branches in brown
        turtle.forward(len)
        turtle.right(25)
        draw_branch(len - 5) #recursive function call
        turtle.left(50)
        draw_branch(len - 5) #recursive function call
        turtle.right(25)
        turtle.backward(len)
    else:
        turtle.color("green") #draw leaves in green
        turtle.begin_fill()
        turtle.circle(5)
        turtle.end_fill()
        turtle.color("brown") #reset color to brown
        
draw_branch(35)
------------------

[0;31m---------------------------------------------------------------------------[0m
[0;31mModuleNotFoundError[0m                       Traceback (most recent call last)
Cell [0;32mIn [6], line 1[0m
[0;32m----> 1[0m [38;5;28;01mimport[39;00m [38;5;21;01mturtle[39;00m [38;5;66;03m#import turtle module, a graphical interface to draw shapes; opens in separate window[39;00m
[1;32m      3[0m turtle[38;5;241m.[39mspeed([38;5;241m1000[39m) [38;5;66;03m#set speed of animation[39;00m
[1;32m      4[0m turtle[38;5;241m.[39msetheading([38;5;241m90[39m) [38;5;66;03m#set initial orientation of the turtle as looking straight up[39;00m

File [0;32m/opt/homebrew/Cellar/python@3.10/3.10.12_1/Frameworks/Python.framework/Versions/3.10/lib/python3.10/turtle.py:107[0m
[1;32m    103[0m _ver [38;5;241m=[39m [38;5;124m"[39m[38;5;124mturtle 1.1b- - for Python 3.1   -  4. 5. 2009[39m[38;5;124m"[39m
[1;32m    105[0m [38;5;66;03m# print(_ver)[39;00m
[0;32m--> 107[0m [38;5;28;01mimport[39;00m [38;5;21;01mtkinter[39;00m [38;5;28;01mas[39;00m [38;5;21;01mTK[39;00m
[1;32m    108[0m [38;5;28;01mimport[39;00m [38;5;21;01mtypes[39;00m
[1;32m    109[0m [38;5;28;01mimport[39;00m [38;5;21;01mmath[39;00m

File [0;32m/opt/homebrew/Cellar/python@3.10/3.10.12_1/Frameworks/Python.framework/Versions/3.10/lib/python3.10/tkinter/__init__.py:37[0m
[1;32m     34[0m [38;5;28;01mimport[39;00m [38;5;21;01msys[39;00m
[1;32m     35[0m [38;5;28;01mimport[39;00m [38;5;21;01mtypes[39;00m
[0;32m---> 37[0m [38;5;28;01mimport[39;00m [38;5;21;01m_tkinter[39;00m [38;5;66;03m# If this fails your Python may not be configured for Tk[39;00m
[1;32m     38[0m TclError [38;5;241m=[39m _tkinter[38;5;241m.[39mTclError
[1;32m     39[0m [38;5;28;01mfrom[39;00m [38;5;21;01mtkinter[39;00m[38;5;21;01m.[39;00m[38;5;21;01mconstants[39;00m [38;5;28;01mimport[39;00m [38;5;241m*[39m

[0;31mModuleNotFoundError[0m: No module named '_tkinter'
ModuleNotFoundError: No module named '_tkinter'

