Traceback (most recent call last):
  File "C:\Users\julia\miniconda3\lib\site-packages\jupyter_cache\executors\utils.py", line 51, in single_nb_execution
    executenb(
  File "C:\Users\julia\miniconda3\lib\site-packages\nbclient\client.py", line 1204, in execute
    return NotebookClient(nb=nb, resources=resources, km=km, **kwargs).execute()
  File "C:\Users\julia\miniconda3\lib\site-packages\nbclient\util.py", line 84, in wrapped
    return just_run(coro(*args, **kwargs))
  File "C:\Users\julia\miniconda3\lib\site-packages\nbclient\util.py", line 62, in just_run
    return loop.run_until_complete(coro)
  File "C:\Users\julia\miniconda3\lib\asyncio\base_events.py", line 647, in run_until_complete
    return future.result()
  File "C:\Users\julia\miniconda3\lib\site-packages\nbclient\client.py", line 663, in async_execute
    await self.async_execute_cell(
  File "C:\Users\julia\miniconda3\lib\site-packages\nbclient\client.py", line 965, in async_execute_cell
    await self._check_raise_for_error(cell, cell_index, exec_reply)
  File "C:\Users\julia\miniconda3\lib\site-packages\nbclient\client.py", line 862, in _check_raise_for_error
    raise CellExecutionError.from_cell_and_msg(cell, exec_reply_content)
nbclient.exceptions.CellExecutionError: An error occurred while executing the following cell:
------------------
def count_word_occurence(file):
    sorted_file = sort_text(file) #function call to user-defined function "sort_text"
    word = input()
    return "The word '{}' occurs {} times in the text.".format(word,sorted_file.count(word)) 
    #note that we can use placeholders {} in the string, filled by the two objects named later

unsorted_file.seek(0) #reset file handle.

count_word_occurence(unsorted_file)
------------------

[1;31m---------------------------------------------------------------------------[0m
[1;31mStdinNotImplementedError[0m                  Traceback (most recent call last)
[1;32m~\AppData\Local\Temp\ipykernel_14444\1009156628.py[0m in [0;36m<module>[1;34m[0m
[0;32m      7[0m [0munsorted_file[0m[1;33m.[0m[0mseek[0m[1;33m([0m[1;36m0[0m[1;33m)[0m [1;31m#reset file handle.[0m[1;33m[0m[1;33m[0m[0m
[0;32m      8[0m [1;33m[0m[0m
[1;32m----> 9[1;33m [0mcount_word_occurence[0m[1;33m([0m[0munsorted_file[0m[1;33m)[0m[1;33m[0m[1;33m[0m[0m
[0m
[1;32m~\AppData\Local\Temp\ipykernel_14444\1009156628.py[0m in [0;36mcount_word_occurence[1;34m(file)[0m
[0;32m      1[0m [1;32mdef[0m [0mcount_word_occurence[0m[1;33m([0m[0mfile[0m[1;33m)[0m[1;33m:[0m[1;33m[0m[1;33m[0m[0m
[0;32m      2[0m     [0msorted_file[0m [1;33m=[0m [0msort_text[0m[1;33m([0m[0mfile[0m[1;33m)[0m [1;31m#function call to user-defined function "sort_text"[0m[1;33m[0m[1;33m[0m[0m
[1;32m----> 3[1;33m     [0mword[0m [1;33m=[0m [0minput[0m[1;33m([0m[1;33m)[0m[1;33m[0m[1;33m[0m[0m
[0m[0;32m      4[0m     [1;32mreturn[0m [1;34m"The word '{}' occurs {} times in the text."[0m[1;33m.[0m[0mformat[0m[1;33m([0m[0mword[0m[1;33m,[0m[0msorted_file[0m[1;33m.[0m[0mcount[0m[1;33m([0m[0mword[0m[1;33m)[0m[1;33m)[0m[1;33m[0m[1;33m[0m[0m
[0;32m      5[0m     [1;31m#note that we can use placeholders {} in the string, filled by the two objects named later[0m[1;33m[0m[1;33m[0m[0m

[1;32m~\miniconda3\lib\site-packages\ipykernel\kernelbase.py[0m in [0;36mraw_input[1;34m(self, prompt)[0m
[0;32m   1172[0m         """
[0;32m   1173[0m         [1;32mif[0m [1;32mnot[0m [0mself[0m[1;33m.[0m[0m_allow_stdin[0m[1;33m:[0m[1;33m[0m[1;33m[0m[0m
[1;32m-> 1174[1;33m             raise StdinNotImplementedError(
[0m[0;32m   1175[0m                 [1;34m"raw_input was called, but this frontend does not support input requests."[0m[1;33m[0m[1;33m[0m[0m
[0;32m   1176[0m             )

[1;31mStdinNotImplementedError[0m: raw_input was called, but this frontend does not support input requests.
StdinNotImplementedError: raw_input was called, but this frontend does not support input requests.

