Traceback (most recent call last):
  File "/opt/hostedtoolcache/Python/3.8.18/x64/lib/python3.8/site-packages/jupyter_cache/executors/utils.py", line 58, in single_nb_execution
    executenb(
  File "/opt/hostedtoolcache/Python/3.8.18/x64/lib/python3.8/site-packages/nbclient/client.py", line 1305, in execute
    return NotebookClient(nb=nb, resources=resources, km=km, **kwargs).execute()
  File "/opt/hostedtoolcache/Python/3.8.18/x64/lib/python3.8/site-packages/jupyter_core/utils/__init__.py", line 172, in wrapped
    return loop.run_until_complete(inner)
  File "/opt/hostedtoolcache/Python/3.8.18/x64/lib/python3.8/asyncio/base_events.py", line 616, in run_until_complete
    return future.result()
  File "/opt/hostedtoolcache/Python/3.8.18/x64/lib/python3.8/site-packages/nbclient/client.py", line 705, in async_execute
    await self.async_execute_cell(
  File "/opt/hostedtoolcache/Python/3.8.18/x64/lib/python3.8/site-packages/nbclient/client.py", line 1058, in async_execute_cell
    await self._check_raise_for_error(cell, cell_index, exec_reply)
  File "/opt/hostedtoolcache/Python/3.8.18/x64/lib/python3.8/site-packages/nbclient/client.py", line 914, in _check_raise_for_error
    raise CellExecutionError.from_cell_and_msg(cell, exec_reply_content)
nbclient.exceptions.CellExecutionError: An error occurred while executing the following cell:
------------------
def count_word_occurence(file):
    sorted_file = sort_text(file) #function call to user-defined function "sort_text"
    word = input()
    #a = sorted_file.count(word)
    return "The word '{}' occurs {} times in the text.".format(word,sorted_file.count(word)) 
    #note that we can use placeholders {} in the string, filled by the two objects named later

unsorted_file.seek(0) #reset file handle.

count_word_occurence(unsorted_file)
------------------


[0;31m---------------------------------------------------------------------------[0m
[0;31mStdinNotImplementedError[0m                  Traceback (most recent call last)
Cell [0;32mIn[6], line 10[0m
[1;32m      6[0m     [38;5;66;03m#note that we can use placeholders {} in the string, filled by the two objects named later[39;00m
[1;32m      8[0m unsorted_file[38;5;241m.[39mseek([38;5;241m0[39m) [38;5;66;03m#reset file handle.[39;00m
[0;32m---> 10[0m [43mcount_word_occurence[49m[43m([49m[43munsorted_file[49m[43m)[49m

Cell [0;32mIn[6], line 3[0m, in [0;36mcount_word_occurence[0;34m(file)[0m
[1;32m      1[0m [38;5;28;01mdef[39;00m [38;5;21mcount_word_occurence[39m(file):
[1;32m      2[0m     sorted_file [38;5;241m=[39m sort_text(file) [38;5;66;03m#function call to user-defined function "sort_text"[39;00m
[0;32m----> 3[0m     word [38;5;241m=[39m [38;5;28;43minput[39;49m[43m([49m[43m)[49m
[1;32m      4[0m     [38;5;66;03m#a = sorted_file.count(word)[39;00m
[1;32m      5[0m     [38;5;28;01mreturn[39;00m [38;5;124m"[39m[38;5;124mThe word [39m[38;5;124m'[39m[38;5;132;01m{}[39;00m[38;5;124m'[39m[38;5;124m occurs [39m[38;5;132;01m{}[39;00m[38;5;124m times in the text.[39m[38;5;124m"[39m[38;5;241m.[39mformat(word,sorted_file[38;5;241m.[39mcount(word))

File [0;32m/opt/hostedtoolcache/Python/3.8.18/x64/lib/python3.8/site-packages/ipykernel/kernelbase.py:1260[0m, in [0;36mKernel.raw_input[0;34m(self, prompt)[0m
[1;32m   1258[0m [38;5;28;01mif[39;00m [38;5;129;01mnot[39;00m [38;5;28mself[39m[38;5;241m.[39m_allow_stdin:
[1;32m   1259[0m     msg [38;5;241m=[39m [38;5;124m"[39m[38;5;124mraw_input was called, but this frontend does not support input requests.[39m[38;5;124m"[39m
[0;32m-> 1260[0m     [38;5;28;01mraise[39;00m StdinNotImplementedError(msg)
[1;32m   1261[0m [38;5;28;01mreturn[39;00m [38;5;28mself[39m[38;5;241m.[39m_input_request(
[1;32m   1262[0m     [38;5;28mstr[39m(prompt),
[1;32m   1263[0m     [38;5;28mself[39m[38;5;241m.[39m_parent_ident[[38;5;124m"[39m[38;5;124mshell[39m[38;5;124m"[39m],
[1;32m   1264[0m     [38;5;28mself[39m[38;5;241m.[39mget_parent([38;5;124m"[39m[38;5;124mshell[39m[38;5;124m"[39m),
[1;32m   1265[0m     password[38;5;241m=[39m[38;5;28;01mFalse[39;00m,
[1;32m   1266[0m )

[0;31mStdinNotImplementedError[0m: raw_input was called, but this frontend does not support input requests.

