Traceback (most recent call last):
  File "/opt/homebrew/lib/python3.10/site-packages/jupyter_cache/executors/utils.py", line 51, in single_nb_execution
    executenb(
  File "/opt/homebrew/lib/python3.10/site-packages/nbclient/client.py", line 1204, in execute
    return NotebookClient(nb=nb, resources=resources, km=km, **kwargs).execute()
  File "/opt/homebrew/lib/python3.10/site-packages/nbclient/util.py", line 84, in wrapped
    return just_run(coro(*args, **kwargs))
  File "/opt/homebrew/lib/python3.10/site-packages/nbclient/util.py", line 62, in just_run
    return loop.run_until_complete(coro)
  File "/opt/homebrew/Cellar/python@3.10/3.10.12_1/Frameworks/Python.framework/Versions/3.10/lib/python3.10/asyncio/base_events.py", line 649, in run_until_complete
    return future.result()
  File "/opt/homebrew/lib/python3.10/site-packages/nbclient/client.py", line 663, in async_execute
    await self.async_execute_cell(
  File "/opt/homebrew/lib/python3.10/site-packages/nbclient/client.py", line 965, in async_execute_cell
    await self._check_raise_for_error(cell, cell_index, exec_reply)
  File "/opt/homebrew/lib/python3.10/site-packages/nbclient/client.py", line 862, in _check_raise_for_error
    raise CellExecutionError.from_cell_and_msg(cell, exec_reply_content)
nbclient.exceptions.CellExecutionError: An error occurred while executing the following cell:
------------------
import polyglot #import the polyglot package
from polyglot.text import Detector, Text, Word #imports the Text and Word classes

text_en = Text("Enjoy the Christmas break and have a happy new year!")
text_ar = Text("عيد ميلاد مجيد وكل عام وانتم بخير")
print(text_en.words)
------------------

[0;31m---------------------------------------------------------------------------[0m
[0;31mModuleNotFoundError[0m                       Traceback (most recent call last)
Cell [0;32mIn [6], line 1[0m
[0;32m----> 1[0m [38;5;28;01mimport[39;00m [38;5;21;01mpolyglot[39;00m [38;5;66;03m#import the polyglot package[39;00m
[1;32m      2[0m [38;5;28;01mfrom[39;00m [38;5;21;01mpolyglot[39;00m[38;5;21;01m.[39;00m[38;5;21;01mtext[39;00m [38;5;28;01mimport[39;00m Detector, Text, Word [38;5;66;03m#imports the Text and Word classes[39;00m
[1;32m      4[0m text_en [38;5;241m=[39m Text([38;5;124m"[39m[38;5;124mEnjoy the Christmas break and have a happy new year![39m[38;5;124m"[39m)

[0;31mModuleNotFoundError[0m: No module named 'polyglot'
ModuleNotFoundError: No module named 'polyglot'

